<?xml version="1.0" encoding="UTF-8"?>
<!-- Generated by org.testng.reporters.JUnitXMLReporter -->
<testsuite ignored="0" hostname="DESKTOP-OU0RVOB" failures="1" tests="3" name="Linux-Firefox" time="25.075" errors="0" timestamp="2025-05-27T10:34:33 NZST">
  <testcase classname="testCases.TC001_AccountRegistrationTest" name="verify_account_registration" time="2.082"/>
  <testcase classname="testCases.TC002_LoginTest" name="verify_login" time="11.105">
    <failure type="java.lang.AssertionError" message="Login failed expected [true] but found [false]">
      <![CDATA[java.lang.AssertionError: Login failed expected [true] but found [false]
at testCases.TC002_LoginTest.verify_login(TC002_LoginTest.java:34)
at java.base/java.util.ArrayList.forEach(ArrayList.java:1597)
... Removed 31 stack frames]]>
    </failure>
  </testcase> <!-- verify_login -->
  <testcase classname="testCases.TC002_LoginTest" name="skip_test" time="0.0">
    <skipped/>
  </testcase> <!-- skip_test -->
</testsuite> <!-- Linux-Firefox -->
